<?xml version="1.0" encoding="UTF-8"?>
<testsuite xmlns:xsi="http://www.w3.org/2001/XMLSchema-instance" xsi:noNamespaceSchemaLocation="https://maven.apache.org/surefire/maven-surefire-plugin/xsd/surefire-test-report.xsd" name="stasVasechko.CompanyServiceTest" time="0.021" tests="5" errors="5" skipped="0" failures="0">
  <properties>
    <property name="java.specification.version" value="18"/>
    <property name="sun.cpu.isalist" value="amd64"/>
    <property name="sun.jnu.encoding" value="Cp1251"/>
    <property name="java.class.path" value="C:\prII\Lessons\stasVasechko.TestTask.Recursion\stasVasechko.recurcion\target\test-classes;C:\prII\Lessons\stasVasechko.TestTask.Recursion\stasVasechko.recurcion\target\classes;C:\Users\User\.m2\repository\org\junit\jupiter\junit-jupiter\5.8.2\junit-jupiter-5.8.2.jar;C:\Users\User\.m2\repository\org\junit\jupiter\junit-jupiter-api\5.8.2\junit-jupiter-api-5.8.2.jar;C:\Users\User\.m2\repository\org\opentest4j\opentest4j\1.2.0\opentest4j-1.2.0.jar;C:\Users\User\.m2\repository\org\junit\platform\junit-platform-commons\1.8.2\junit-platform-commons-1.8.2.jar;C:\Users\User\.m2\repository\org\apiguardian\apiguardian-api\1.1.2\apiguardian-api-1.1.2.jar;C:\Users\User\.m2\repository\org\junit\jupiter\junit-jupiter-params\5.8.2\junit-jupiter-params-5.8.2.jar;C:\Users\User\.m2\repository\org\junit\jupiter\junit-jupiter-engine\5.8.2\junit-jupiter-engine-5.8.2.jar;C:\Users\User\.m2\repository\org\junit\platform\junit-platform-engine\1.8.2\junit-platform-engine-1.8.2.jar;"/>
    <property name="java.vm.vendor" value="Oracle Corporation"/>
    <property name="sun.arch.data.model" value="64"/>
    <property name="user.variant" value=""/>
    <property name="java.vendor.url" value="https://java.oracle.com/"/>
    <property name="user.timezone" value="Europe/Kiev"/>
    <property name="os.name" value="Windows 10"/>
    <property name="java.vm.specification.version" value="18"/>
    <property name="sun.java.launcher" value="SUN_STANDARD"/>
    <property name="user.country" value="UA"/>
    <property name="sun.boot.library.path" value="C:\Program Files\Java\jdk-18.0.1.1\bin"/>
    <property name="sun.java.command" value="C:\Users\User\AppData\Local\Temp\surefire5456629925317595338\surefirebooter16256353313977504841.jar C:\Users\User\AppData\Local\Temp\surefire5456629925317595338 2022-09-12T21-01-36_611-jvmRun1 surefire7778728351690671507tmp surefire_08323719637431977035tmp"/>
    <property name="jdk.debug" value="release"/>
    <property name="surefire.test.class.path" value="C:\prII\Lessons\stasVasechko.TestTask.Recursion\stasVasechko.recurcion\target\test-classes;C:\prII\Lessons\stasVasechko.TestTask.Recursion\stasVasechko.recurcion\target\classes;C:\Users\User\.m2\repository\org\junit\jupiter\junit-jupiter\5.8.2\junit-jupiter-5.8.2.jar;C:\Users\User\.m2\repository\org\junit\jupiter\junit-jupiter-api\5.8.2\junit-jupiter-api-5.8.2.jar;C:\Users\User\.m2\repository\org\opentest4j\opentest4j\1.2.0\opentest4j-1.2.0.jar;C:\Users\User\.m2\repository\org\junit\platform\junit-platform-commons\1.8.2\junit-platform-commons-1.8.2.jar;C:\Users\User\.m2\repository\org\apiguardian\apiguardian-api\1.1.2\apiguardian-api-1.1.2.jar;C:\Users\User\.m2\repository\org\junit\jupiter\junit-jupiter-params\5.8.2\junit-jupiter-params-5.8.2.jar;C:\Users\User\.m2\repository\org\junit\jupiter\junit-jupiter-engine\5.8.2\junit-jupiter-engine-5.8.2.jar;C:\Users\User\.m2\repository\org\junit\platform\junit-platform-engine\1.8.2\junit-platform-engine-1.8.2.jar;"/>
    <property name="sun.cpu.endian" value="little"/>
    <property name="user.home" value="C:\Users\User"/>
    <property name="user.language" value="uk"/>
    <property name="java.specification.vendor" value="Oracle Corporation"/>
    <property name="java.version.date" value="2022-04-22"/>
    <property name="java.home" value="C:\Program Files\Java\jdk-18.0.1.1"/>
    <property name="file.separator" value="\"/>
    <property name="basedir" value="C:\prII\Lessons\stasVasechko.TestTask.Recursion\stasVasechko.recurcion"/>
    <property name="java.vm.compressedOopsMode" value="Zero based"/>
    <property name="line.separator" value="&#10;"/>
    <property name="java.vm.specification.vendor" value="Oracle Corporation"/>
    <property name="java.specification.name" value="Java Platform API Specification"/>
    <property name="surefire.real.class.path" value="C:\Users\User\AppData\Local\Temp\surefire5456629925317595338\surefirebooter16256353313977504841.jar"/>
    <property name="user.script" value=""/>
    <property name="sun.management.compiler" value="HotSpot 64-Bit Tiered Compilers"/>
    <property name="java.runtime.version" value="18.0.1.1+2-6"/>
    <property name="user.name" value="User"/>
    <property name="path.separator" value=";"/>
    <property name="os.version" value="10.0"/>
    <property name="java.runtime.name" value="Java(TM) SE Runtime Environment"/>
    <property name="file.encoding" value="UTF-8"/>
    <property name="java.vm.name" value="Java HotSpot(TM) 64-Bit Server VM"/>
    <property name="localRepository" value="C:\Users\User\.m2\repository"/>
    <property name="java.vendor.url.bug" value="https://bugreport.java.com/bugreport/"/>
    <property name="java.io.tmpdir" value="C:\Users\User\AppData\Local\Temp\"/>
    <property name="idea.version" value="2022.1.2"/>
    <property name="java.version" value="18.0.1.1"/>
    <property name="user.dir" value="C:\prII\Lessons\stasVasechko.TestTask.Recursion\stasVasechko.recurcion"/>
    <property name="os.arch" value="amd64"/>
    <property name="java.vm.specification.name" value="Java Virtual Machine Specification"/>
    <property name="sun.os.patch.level" value=""/>
    <property name="native.encoding" value="Cp1251"/>
    <property name="java.library.path" value="C:\Program Files\Java\jdk-18.0.1.1\bin;C:\Windows\Sun\Java\bin;C:\Windows\system32;C:\Windows;C:\Program Files\Common Files\Oracle\Java\javapath;C:\Windows\system32;C:\Windows;C:\Windows\System32\Wbem;C:\Windows\System32\WindowsPowerShell\v1.0\;C:\Windows\System32\OpenSSH\;C:\Program Files\Java\jdk-18.0.1.1\bin;C:\Program Files\dotnet\;C:\Users\User\AppData\Local\Microsoft\WindowsApps;C:\Users\User\.dotnet\tools;."/>
    <property name="java.vm.info" value="mixed mode, sharing"/>
    <property name="java.vendor" value="Oracle Corporation"/>
    <property name="java.vm.version" value="18.0.1.1+2-6"/>
    <property name="sun.io.unicode.encoding" value="UnicodeLittle"/>
    <property name="java.class.version" value="62.0"/>
  </properties>
  <testcase name="whenCompanyNotSingleThenGetTopCompany" classname="stasVasechko.CompanyServiceTest" time="0.015">
    <error message="org/junit/Assert" type="java.lang.NoClassDefFoundError">java.lang.NoClassDefFoundError: org/junit/Assert
	at stasVasechko.CompanyServiceTest.whenCompanyNotSingleThenGetTopCompany(CompanyServiceTest.java:27)
Caused by: java.lang.ClassNotFoundException: org.junit.Assert
	at stasVasechko.CompanyServiceTest.whenCompanyNotSingleThenGetTopCompany(CompanyServiceTest.java:27)
</error>
  </testcase>
  <testcase name="whenCompanySingleThenTopSameCompany" classname="stasVasechko.CompanyServiceTest" time="0">
    <error message="org/junit/Assert" type="java.lang.NoClassDefFoundError">java.lang.NoClassDefFoundError: org/junit/Assert
	at stasVasechko.CompanyServiceTest.whenCompanySingleThenTopSameCompany(CompanyServiceTest.java:18)
Caused by: java.lang.ClassNotFoundException: org.junit.Assert
	at stasVasechko.CompanyServiceTest.whenCompanySingleThenTopSameCompany(CompanyServiceTest.java:18)
</error>
  </testcase>
  <testcase name="whenCompanyNotSingleThenGetParent" classname="stasVasechko.CompanyServiceTest" time="0.001">
    <error message="org/junit/Assert" type="java.lang.NoClassDefFoundError">java.lang.NoClassDefFoundError: org/junit/Assert
	at stasVasechko.CompanyServiceTest.whenCompanyNotSingleThenGetParent(CompanyServiceTest.java:84)
Caused by: java.lang.ClassNotFoundException: org.junit.Assert
	at stasVasechko.CompanyServiceTest.whenCompanyNotSingleThenGetParent(CompanyServiceTest.java:84)
</error>
  </testcase>
  <testcase name="whenCompanySingleThenCountEmployeeSameCompany" classname="stasVasechko.CompanyServiceTest" time="0.001">
    <error message="org/junit/Assert" type="java.lang.NoClassDefFoundError">java.lang.NoClassDefFoundError: org/junit/Assert
	at stasVasechko.CompanyServiceTest.whenCompanySingleThenCountEmployeeSameCompany(CompanyServiceTest.java:42)
Caused by: java.lang.ClassNotFoundException: org.junit.Assert
	at stasVasechko.CompanyServiceTest.whenCompanySingleThenCountEmployeeSameCompany(CompanyServiceTest.java:42)
</error>
  </testcase>
  <testcase name="whenCompanyTreeThenCountEmployeeAllCompanys" classname="stasVasechko.CompanyServiceTest" time="0.001">
    <error message="org/junit/Assert" type="java.lang.NoClassDefFoundError">java.lang.NoClassDefFoundError: org/junit/Assert
	at stasVasechko.CompanyServiceTest.whenCompanyTreeThenCountEmployeeAllCompanys(CompanyServiceTest.java:67)
Caused by: java.lang.ClassNotFoundException: org.junit.Assert
	at stasVasechko.CompanyServiceTest.whenCompanyTreeThenCountEmployeeAllCompanys(CompanyServiceTest.java:67)
</error>
  </testcase>
</testsuite>