<?xml version="1.0" encoding="UTF-8"?>
<testsuite xmlns:xsi="http://www.w3.org/2001/XMLSchema-instance" xsi:noNamespaceSchemaLocation="https://maven.apache.org/surefire/maven-surefire-plugin/xsd/surefire-test-report.xsd" name="stasVasechko.CompanyServiceTest" time="0.021" tests="5" errors="5" skipped="0" failures="0">
  <properties>
[...]
</properties>
  <testcase name="whenCompanyNotSingleThenGetTopCompany" classname="stasVasechko.CompanyServiceTest" time="0.015">
    <error message="org/junit/Assert" type="java.lang.NoClassDefFoundError">java.lang.NoClassDefFoundError: org/junit/Assert
	at stasVasechko.CompanyServiceTest.whenCompanyNotSingleThenGetTopCompany(CompanyServiceTest.java:27)
Caused by: java.lang.ClassNotFoundException: org.junit.Assert
	at stasVasechko.CompanyServiceTest.whenCompanyNotSingleThenGetTopCompany(CompanyServiceTest.java:27)
</error>
  </testcase>
  <testcase name="whenCompanySingleThenTopSameCompany" classname="stasVasechko.CompanyServiceTest" time="0">
    <error message="org/junit/Assert" type="java.lang.NoClassDefFoundError">java.lang.NoClassDefFoundError: org/junit/Assert
	at stasVasechko.CompanyServiceTest.whenCompanySingleThenTopSameCompany(CompanyServiceTest.java:18)
Caused by: java.lang.ClassNotFoundException: org.junit.Assert
	at stasVasechko.CompanyServiceTest.whenCompanySingleThenTopSameCompany(CompanyServiceTest.java:18)
</error>
  </testcase>
  <testcase name="whenCompanyNotSingleThenGetParent" classname="stasVasechko.CompanyServiceTest" time="0.001">
    <error message="org/junit/Assert" type="java.lang.NoClassDefFoundError">java.lang.NoClassDefFoundError: org/junit/Assert
	at stasVasechko.CompanyServiceTest.whenCompanyNotSingleThenGetParent(CompanyServiceTest.java:84)
Caused by: java.lang.ClassNotFoundException: org.junit.Assert
	at stasVasechko.CompanyServiceTest.whenCompanyNotSingleThenGetParent(CompanyServiceTest.java:84)
</error>
  </testcase>
  <testcase name="whenCompanySingleThenCountEmployeeSameCompany" classname="stasVasechko.CompanyServiceTest" time="0.001">
    <error message="org/junit/Assert" type="java.lang.NoClassDefFoundError">java.lang.NoClassDefFoundError: org/junit/Assert
	at stasVasechko.CompanyServiceTest.whenCompanySingleThenCountEmployeeSameCompany(CompanyServiceTest.java:42)
Caused by: java.lang.ClassNotFoundException: org.junit.Assert
	at stasVasechko.CompanyServiceTest.whenCompanySingleThenCountEmployeeSameCompany(CompanyServiceTest.java:42)
</error>
  </testcase>
  <testcase name="whenCompanyTreeThenCountEmployeeAllCompanys" classname="stasVasechko.CompanyServiceTest" time="0.001">
    <error message="org/junit/Assert" type="java.lang.NoClassDefFoundError">java.lang.NoClassDefFoundError: org/junit/Assert
	at stasVasechko.CompanyServiceTest.whenCompanyTreeThenCountEmployeeAllCompanys(CompanyServiceTest.java:67)
Caused by: java.lang.ClassNotFoundException: org.junit.Assert
	at stasVasechko.CompanyServiceTest.whenCompanyTreeThenCountEmployeeAllCompanys(CompanyServiceTest.java:67)
</error>
  </testcase>
</testsuite>